<?xml version="1.0" encoding="UTF-8"?>
<!-- Generated by org.testng.reporters.JUnitXMLReporter -->
<testsuite ignored="0" hostname="EEFT-748YP73" failures="0" tests="2" name="Surefire test" time="12.448" errors="0" timestamp="2021-08-02T12:11:28 CEST">
  <testcase classname="com.herokuapp.theinternet.NegativeTests" name="incorrectPasswordTest" time="7.725"/>
  <testcase classname="com.herokuapp.theinternet.NegativeTests" name="invalidLoginTest" time="4.692"/>
</testsuite> <!-- Surefire test -->
