<?xml version="1.0" encoding="UTF-8"?>
<testng-results ignored="0" total="2" passed="2" failed="0" skipped="0">
  <reporter-output>
  </reporter-output>
  <suite started-at="2021-08-02T12:11:15 CEST" name="Surefire suite" finished-at="2021-08-02T12:11:28 CEST" duration-ms="12448">
    <groups>
    </groups>
    <test started-at="2021-08-02T12:11:15 CEST" name="Surefire test" finished-at="2021-08-02T12:11:28 CEST" duration-ms="12448">
      <class name="com.herokuapp.theinternet.NegativeTests">
        <test-method signature="incorrectPasswordTest()[pri:0, instance:com.herokuapp.theinternet.NegativeTests@4afcd809]" started-at="2021-08-02T12:11:15 CEST" name="incorrectPasswordTest" finished-at="2021-08-02T12:11:23 CEST" duration-ms="7725" status="PASS">
          <reporter-output>
          </reporter-output>
        </test-method> <!-- incorrectPasswordTest -->
        <test-method signature="invalidLoginTest()[pri:0, instance:com.herokuapp.theinternet.NegativeTests@4afcd809]" started-at="2021-08-02T12:11:23 CEST" name="invalidLoginTest" finished-at="2021-08-02T12:11:28 CEST" duration-ms="4692" status="PASS">
          <reporter-output>
          </reporter-output>
        </test-method> <!-- invalidLoginTest -->
      </class> <!-- com.herokuapp.theinternet.NegativeTests -->
    </test> <!-- Surefire test -->
  </suite> <!-- Surefire suite -->
</testng-results>
